<?xml version="1.0" encoding="UTF-8"?>
<testng-results ignored="0" total="4" passed="3" failed="1" skipped="0">
  <reporter-output>
    <line>
      <![CDATA[Expected Result =Email or phone number]]>
    </line>
    <line>
      <![CDATA[Actual Result =Email or phone number]]>
    </line>
    <line>
      <![CDATA[Expected Result =Log in]]>
    </line>
    <line>
      <![CDATA[Actual Result =Log In]]>
    </line>
    <line>
      <![CDATA[Expected Result =Password]]>
    </line>
    <line>
      <![CDATA[Actual Result =Password]]>
    </line>
    <line>
      <![CDATA[Expected Result =Connect with friends and the world around you on Facebook.]]>
    </line>
    <line>
      <![CDATA[Actual Result =Connect with friends and the world around you on Facebook.]]>
    </line>
  </reporter-output>
  <suite started-at="2025-06-22T23:15:53 EDT" name="Suite" finished-at="2025-06-22T23:16:00 EDT" duration-ms="7512">
    <groups>
    </groups>
    <test started-at="2025-06-22T23:15:53 EDT" name="Test" finished-at="2025-06-22T23:16:00 EDT" duration-ms="7512">
      <class name="test.BasicValidation">
        <test-method signature="emailValidation()[pri:0, instance:test.BasicValidation@7098b907]" started-at="2025-06-22T23:16:00 EDT" name="emailValidation" finished-at="2025-06-22T23:16:00 EDT" duration-ms="84" status="PASS">
          <reporter-output>
            <line>
              <![CDATA[Expected Result =Email or phone number]]>
            </line>
            <line>
              <![CDATA[Actual Result =Email or phone number]]>
            </line>
          </reporter-output>
        </test-method> <!-- emailValidation -->
        <test-method signature="loginValidation()[pri:0, instance:test.BasicValidation@7098b907]" started-at="2025-06-22T23:16:00 EDT" name="loginValidation" finished-at="2025-06-22T23:16:00 EDT" duration-ms="41" status="FAIL">
          <exception class="java.lang.AssertionError">
            <message>
              <![CDATA[Mismatch in the login expected [true] but found [false]]]>
            </message>
            <full-stacktrace>
              <![CDATA[java.lang.AssertionError: Mismatch in the login expected [true] but found [false]
at org.testng.Assert.fail(Assert.java:111)
at org.testng.Assert.failNotEquals(Assert.java:1590)
at org.testng.Assert.assertTrue(Assert.java:57)
at test.BasicValidation.loginValidation(BasicValidation.java:52)
at java.base/jdk.internal.reflect.DirectMethodHandleAccessor.invoke(DirectMethodHandleAccessor.java:103)
at java.base/java.lang.reflect.Method.invoke(Method.java:580)
at org.testng.internal.invokers.MethodInvocationHelper.invokeMethod(MethodInvocationHelper.java:141)
at org.testng.internal.invokers.TestInvoker.invokeMethod(TestInvoker.java:687)
at org.testng.internal.invokers.TestInvoker.invokeTestMethod(TestInvoker.java:230)
at org.testng.internal.invokers.MethodRunner.runInSequence(MethodRunner.java:63)
at org.testng.internal.invokers.TestInvoker$MethodInvocationAgent.invoke(TestInvoker.java:995)
at org.testng.internal.invokers.TestInvoker.invokeTestMethods(TestInvoker.java:203)
at org.testng.internal.invokers.TestMethodWorker.invokeTestMethods(TestMethodWorker.java:154)
at org.testng.internal.invokers.TestMethodWorker.run(TestMethodWorker.java:134)
at java.base/java.util.ArrayList.forEach(ArrayList.java:1596)
at org.testng.TestRunner.privateRun(TestRunner.java:741)
at org.testng.TestRunner.run(TestRunner.java:616)
at org.testng.SuiteRunner.runTest(SuiteRunner.java:421)
at org.testng.SuiteRunner.runSequentially(SuiteRunner.java:413)
at org.testng.SuiteRunner.privateRun(SuiteRunner.java:373)
at org.testng.SuiteRunner.run(SuiteRunner.java:312)
at org.testng.SuiteRunnerWorker.runSuite(SuiteRunnerWorker.java:52)
at org.testng.SuiteRunnerWorker.run(SuiteRunnerWorker.java:95)
at org.testng.TestNG.runSuitesSequentially(TestNG.java:1274)
at org.testng.TestNG.runSuitesLocally(TestNG.java:1208)
at org.testng.TestNG.runSuites(TestNG.java:1112)
at org.testng.TestNG.run(TestNG.java:1079)
at org.testng.remote.AbstractRemoteTestNG.run(AbstractRemoteTestNG.java:115)
at org.testng.remote.RemoteTestNG.initAndRun(RemoteTestNG.java:293)
at org.testng.remote.RemoteTestNG.main(RemoteTestNG.java:91)
]]>
            </full-stacktrace>
          </exception> <!-- java.lang.AssertionError -->
          <reporter-output>
            <line>
              <![CDATA[Expected Result =Log in]]>
            </line>
            <line>
              <![CDATA[Actual Result =Log In]]>
            </line>
          </reporter-output>
        </test-method> <!-- loginValidation -->
        <test-method signature="passValidation()[pri:0, instance:test.BasicValidation@7098b907]" started-at="2025-06-22T23:16:00 EDT" name="passValidation" finished-at="2025-06-22T23:16:00 EDT" duration-ms="26" status="PASS">
          <reporter-output>
            <line>
              <![CDATA[Expected Result =Password]]>
            </line>
            <line>
              <![CDATA[Actual Result =Password]]>
            </line>
          </reporter-output>
        </test-method> <!-- passValidation -->
        <test-method signature="welcomeMessage()[pri:0, instance:test.BasicValidation@7098b907]" started-at="2025-06-22T23:16:00 EDT" name="welcomeMessage" finished-at="2025-06-22T23:16:00 EDT" duration-ms="27" status="PASS">
          <reporter-output>
            <line>
              <![CDATA[Expected Result =Connect with friends and the world around you on Facebook.]]>
            </line>
            <line>
              <![CDATA[Actual Result =Connect with friends and the world around you on Facebook.]]>
            </line>
          </reporter-output>
        </test-method> <!-- welcomeMessage -->
      </class> <!-- test.BasicValidation -->
      <class name="test.BaseTest">
        <test-method is-config="true" signature="setup()[pri:0, instance:test.BaseTest@1224144a]" started-at="2025-06-22T23:15:53 EDT" name="setup" finished-at="2025-06-22T23:16:00 EDT" duration-ms="7016" status="PASS">
          <reporter-output>
          </reporter-output>
        </test-method> <!-- setup -->
        <test-method is-config="true" signature="tearDown()[pri:0, instance:test.BaseTest@1224144a]" started-at="2025-06-22T23:16:00 EDT" name="tearDown" finished-at="2025-06-22T23:16:00 EDT" duration-ms="184" status="PASS">
          <reporter-output>
          </reporter-output>
        </test-method> <!-- tearDown -->
      </class> <!-- test.BaseTest -->
    </test> <!-- Test -->
  </suite> <!-- Suite -->
</testng-results>
